<?xml version="1.0" encoding="UTF-8"?>
<!-- Generated by org.testng.reporters.JUnitXMLReporter -->
<testsuite ignored="1" hostname="DESKTOP-7HPDDDR" failures="0" tests="1" name="Test" time="118.368" errors="0" timestamp="2022-11-12T17:28:50 IST">
  <testcase classname="SwagLabTest.BrokenLink" name="FindBrokenLink" time="88.806"/>
  <testcase classname="SwagLabTest.BrokenLink" name="B_LinkOfMvnReposetory" time="0.0">
    <ignored/>
  </testcase> <!-- B_LinkOfMvnReposetory -->
</testsuite> <!-- Test -->
