<?xml version="1.0" encoding="UTF-8"?>
<!-- Generated by org.testng.reporters.JUnitXMLReporter -->
<testsuite ignored="1" hostname="DESKTOP-7HPDDDR" failures="0" tests="1" name="Test2" time="132.233" errors="0" timestamp="2022-11-12T17:31:03 IST">
  <testcase classname="SwagLabTest.BrokenLink" name="FindBrokenLink" time="94.801"/>
  <testcase classname="SwagLabTest.BrokenLink" name="B_LinkOfMvnReposetory" time="0.0">
    <ignored/>
  </testcase> <!-- B_LinkOfMvnReposetory -->
</testsuite> <!-- Test2 -->
