<?xml version="1.0" encoding="UTF-8"?>
<testng-results ignored="0" total="1" passed="1" failed="0" skipped="0">
  <reporter-output>
  </reporter-output>
  <suite started-at="2022-10-30T16:36:11 IST" name="Default suite" finished-at="2022-10-30T16:37:09 IST" duration-ms="58266">
    <groups>
    </groups>
    <test started-at="2022-10-30T16:36:11 IST" name="Default test" finished-at="2022-10-30T16:37:09 IST" duration-ms="58266">
      <class name="testPack.NopComLogIn">
        <test-method is-config="true" signature="OpenEdge()[pri:0, instance:testPack.NopComLogIn@4550bb58]" started-at="2022-10-30T16:36:11 IST" name="OpenEdge" finished-at="2022-10-30T16:36:56 IST" duration-ms="45681" status="PASS">
          <reporter-output>
          </reporter-output>
        </test-method> <!-- OpenEdge -->
        <test-method signature="LogInNopCom()[pri:0, instance:testPack.NopComLogIn@4550bb58]" started-at="2022-10-30T16:36:56 IST" name="LogInNopCom" finished-at="2022-10-30T16:37:09 IST" duration-ms="12272" status="PASS">
          <reporter-output>
          </reporter-output>
        </test-method> <!-- LogInNopCom -->
      </class> <!-- testPack.NopComLogIn -->
    </test> <!-- Default test -->
  </suite> <!-- Default suite -->
</testng-results>
