<?xml version="1.0" encoding="UTF-8"?>
<!-- Generated by org.testng.reporters.JUnitXMLReporter -->
<testsuite ignored="4" hostname="DESKTOP-7HPDDDR" failures="1" tests="1" name="TestFbFun" time="0.145" errors="0" timestamp="2022-10-28T18:29:31 IST">
  <testcase classname="Automation.TestNgFB" name="AlertsHandle" time="0.0">
    <failure type="org.testng.TestNGException" message="
Cannot inject @Test annotated Method [AlertsHandle] with [interface org.openqa.selenium.WebDriver].
For more information on native dependency injection please refer to https://testng.org/doc/documentation-main.html#native-dependency-injection">
      <![CDATA[org.testng.TestNGException: 
Cannot inject @Test annotated Method [AlertsHandle] with [interface org.openqa.selenium.WebDriver].
For more information on native dependency injection please refer to https://testng.org/doc/documentation-main.html#native-dependency-injection
at java.base/java.util.ArrayList.forEach(ArrayList.java:1511)
... Removed 26 stack frames]]>
    </failure>
  </testcase> <!-- AlertsHandle -->
  <testcase classname="Automation.TestNgFB" name="VerifyEmail" time="0.0">
    <ignored/>
  </testcase> <!-- VerifyEmail -->
  <testcase classname="Automation.TestNgFB" name="VerifyPass" time="0.0">
    <ignored/>
  </testcase> <!-- VerifyPass -->
  <testcase classname="Automation.TestNgFB" name="Browser" time="0.0">
    <ignored/>
  </testcase> <!-- Browser -->
  <testcase classname="Automation.TestNgFB" name="VerifyLogInIdPass" time="0.0">
    <ignored/>
  </testcase> <!-- VerifyLogInIdPass -->
</testsuite> <!-- TestFbFun -->
